<?xml version="1.0" encoding="UTF-8"?>
<!-- Generated by org.testng.reporters.JUnitXMLReporter -->
<testsuite hostname="LAPTOP-37R1BT8F" ignored="0" tests="4" failures="0" timestamp="2023-07-26T02:57:13 CAT" time="9.788" errors="0">
  <testcase name="AllDogBreeds" time="7.515" classname="DogBreeds"/>
  <testcase name="SubBreedsForRretriever" time="1.179" classname="DogBreeds"/>
  <testcase name="VerifyRetrieverInTheList" time="0.52" classname="DogBreeds"/>
  <testcase name="ProduceRandomImage" time="0.479" classname="DogBreeds"/>
</testsuite>
